This is XeTeX, Version 3.14159265-2.6-0.99998 (TeX Live 2017) (preloaded format=xelatex 2018.3.1)  1 MAR 2018 14:41
entering extended mode
 restricted \write18 enabled.
 %&-line parsing enabled.
**skeleton.tex
(./skeleton.tex
LaTeX2e <2017-04-15>
Babel <3.18> and hyphenation patterns for 3 language(s) loaded.
(/Users/haozhu/Library/TinyTeX/texmf-dist/tex/latex/base/article.cls
Document Class: article 2014/09/29 v1.4h Standard LaTeX document class
(/Users/haozhu/Library/TinyTeX/texmf-dist/tex/latex/base/size11.clo
File: size11.clo 2014/09/29 v1.4h Standard LaTeX file (size option)
)
\c@part=\count79
\c@section=\count80
\c@subsection=\count81
\c@subsubsection=\count82
\c@paragraph=\count83
\c@subparagraph=\count84
\c@figure=\count85
\c@table=\count86
\abovecaptionskip=\skip41
\belowcaptionskip=\skip42
\bibindent=\dimen102
) (/Users/haozhu/Library/TinyTeX/texmf-dist/tex/latex/lm/lmodern.sty
Package: lmodern 2009/10/30 v1.6 Latin Modern Fonts
LaTeX Font Info:    Overwriting symbol font `operators' in version `normal'
(Font)                  OT1/cmr/m/n --> OT1/lmr/m/n on input line 22.
LaTeX Font Info:    Overwriting symbol font `letters' in version `normal'
(Font)                  OML/cmm/m/it --> OML/lmm/m/it on input line 23.
LaTeX Font Info:    Overwriting symbol font `symbols' in version `normal'
(Font)                  OMS/cmsy/m/n --> OMS/lmsy/m/n on input line 24.
LaTeX Font Info:    Overwriting symbol font `largesymbols' in version `normal'
(Font)                  OMX/cmex/m/n --> OMX/lmex/m/n on input line 25.
LaTeX Font Info:    Overwriting symbol font `operators' in version `bold'
(Font)                  OT1/cmr/bx/n --> OT1/lmr/bx/n on input line 26.
LaTeX Font Info:    Overwriting symbol font `letters' in version `bold'
(Font)                  OML/cmm/b/it --> OML/lmm/b/it on input line 27.
LaTeX Font Info:    Overwriting symbol font `symbols' in version `bold'
(Font)                  OMS/cmsy/b/n --> OMS/lmsy/b/n on input line 28.
LaTeX Font Info:    Overwriting symbol font `largesymbols' in version `bold'
(Font)                  OMX/cmex/m/n --> OMX/lmex/m/n on input line 29.
LaTeX Font Info:    Overwriting math alphabet `\mathbf' in version `normal'
(Font)                  OT1/cmr/bx/n --> OT1/lmr/bx/n on input line 31.
LaTeX Font Info:    Overwriting math alphabet `\mathsf' in version `normal'
(Font)                  OT1/cmss/m/n --> OT1/lmss/m/n on input line 32.
LaTeX Font Info:    Overwriting math alphabet `\mathit' in version `normal'
(Font)                  OT1/cmr/m/it --> OT1/lmr/m/it on input line 33.
LaTeX Font Info:    Overwriting math alphabet `\mathtt' in version `normal'
(Font)                  OT1/cmtt/m/n --> OT1/lmtt/m/n on input line 34.
LaTeX Font Info:    Overwriting math alphabet `\mathbf' in version `bold'
(Font)                  OT1/cmr/bx/n --> OT1/lmr/bx/n on input line 35.
LaTeX Font Info:    Overwriting math alphabet `\mathsf' in version `bold'
(Font)                  OT1/cmss/bx/n --> OT1/lmss/bx/n on input line 36.
LaTeX Font Info:    Overwriting math alphabet `\mathit' in version `bold'
(Font)                  OT1/cmr/bx/it --> OT1/lmr/bx/it on input line 37.
LaTeX Font Info:    Overwriting math alphabet `\mathtt' in version `bold'
(Font)                  OT1/cmtt/m/n --> OT1/lmtt/m/n on input line 38.
) (/Users/haozhu/Library/TinyTeX/texmf-dist/tex/latex/amsfonts/amssymb.sty
Package: amssymb 2013/01/14 v3.01 AMS font symbols
(/Users/haozhu/Library/TinyTeX/texmf-dist/tex/latex/amsfonts/amsfonts.sty
Package: amsfonts 2013/01/14 v3.01 Basic AMSFonts support
\@emptytoks=\toks14
\symAMSa=\mathgroup4
\symAMSb=\mathgroup5
LaTeX Font Info:    Overwriting math alphabet `\mathfrak' in version `bold'
(Font)                  U/euf/m/n --> U/euf/b/n on input line 106.
)) (/Users/haozhu/Library/TinyTeX/texmf-dist/tex/latex/amsmath/amsmath.sty
Package: amsmath 2017/09/02 v2.17a AMS math features
\@mathmargin=\skip43
For additional information on amsmath, use the `?' option.
(/Users/haozhu/Library/TinyTeX/texmf-dist/tex/latex/amsmath/amstext.sty
Package: amstext 2000/06/29 v2.01 AMS text
(/Users/haozhu/Library/TinyTeX/texmf-dist/tex/latex/amsmath/amsgen.sty
File: amsgen.sty 1999/11/30 v2.0 generic functions
\@emptytoks=\toks15
\ex@=\dimen103
)) (/Users/haozhu/Library/TinyTeX/texmf-dist/tex/latex/amsmath/amsbsy.sty
Package: amsbsy 1999/11/29 v1.2d Bold Symbols
\pmbraise@=\dimen104
) (/Users/haozhu/Library/TinyTeX/texmf-dist/tex/latex/amsmath/amsopn.sty
Package: amsopn 2016/03/08 v2.02 operator names
)
\inf@bad=\count87
LaTeX Info: Redefining \frac on input line 213.
\uproot@=\count88
\leftroot@=\count89
LaTeX Info: Redefining \overline on input line 375.
\classnum@=\count90
\DOTSCASE@=\count91
LaTeX Info: Redefining \ldots on input line 472.
LaTeX Info: Redefining \dots on input line 475.
LaTeX Info: Redefining \cdots on input line 596.
\Mathstrutbox@=\box26
\strutbox@=\box27
\big@size=\dimen105
LaTeX Font Info:    Redeclaring font encoding OML on input line 712.
LaTeX Font Info:    Redeclaring font encoding OMS on input line 713.
\macc@depth=\count92
\c@MaxMatrixCols=\count93
\dotsspace@=\muskip10
\c@parentequation=\count94
\dspbrk@lvl=\count95
\tag@help=\toks16
\row@=\count96
\column@=\count97
\maxfields@=\count98
\andhelp@=\toks17
\eqnshift@=\dimen106
\alignsep@=\dimen107
\tagshift@=\dimen108
\tagwidth@=\dimen109
\totwidth@=\dimen110
\lineht@=\dimen111
\@envbody=\toks18
\multlinegap=\skip44
\multlinetaggap=\skip45
\mathdisplay@stack=\toks19
LaTeX Info: Redefining \[ on input line 2817.
LaTeX Info: Redefining \] on input line 2818.
) (/Users/haozhu/Library/TinyTeX/texmf-dist/tex/generic/ifxetex/ifxetex.sty
Package: ifxetex 2010/09/12 v0.6 Provides ifxetex conditional
) (/Users/haozhu/Library/TinyTeX/texmf-dist/tex/generic/oberdiek/ifluatex.sty
Package: ifluatex 2016/05/16 v1.4 Provides the ifluatex switch (HO)
Package ifluatex Info: LuaTeX not detected.
) (/Users/haozhu/Library/TinyTeX/texmf-dist/tex/latex/base/fixltx2e.sty
Package: fixltx2e 2016/12/29 v2.1a fixes to LaTeX (obsolete)
Applying: [2015/01/01] Old fixltx2e package on input line 46.

Package fixltx2e Warning: fixltx2e is not required with releases after 2015
(fixltx2e)                All fixes are now in the LaTeX kernel.
(fixltx2e)                See the latexrelease package for details.

Already applied: [0000/00/00] Old fixltx2e package on input line 53.
) (/Users/haozhu/Library/TinyTeX/texmf-dist/tex/xelatex/mathspec/mathspec.sty
Package: mathspec 2016/12/22 v0.2b LaTeX Package (Mathematics font selection fo
r XeLaTeX)
(/Users/haozhu/Library/TinyTeX/texmf-dist/tex/latex/etoolbox/etoolbox.sty
Package: etoolbox 2018/02/11 v2.5e e-TeX tools for LaTeX (JAW)
\etb@tempcnta=\count99
) (/Users/haozhu/Library/TinyTeX/texmf-dist/tex/latex/fontspec/fontspec.sty
(/Users/haozhu/Library/TinyTeX/texmf-dist/tex/latex/l3packages/xparse/xparse.st
y (/Users/haozhu/Library/TinyTeX/texmf-dist/tex/latex/l3kernel/expl3.sty
Package: expl3 2018/02/21 L3 programming layer (loader) 
(/Users/haozhu/Library/TinyTeX/texmf-dist/tex/latex/l3kernel/expl3-code.tex
Package: expl3 2018/02/21 L3 programming layer (code)
\c_max_int=\count100
\l_tmpa_int=\count101
\l_tmpb_int=\count102
\g_tmpa_int=\count103
\g_tmpb_int=\count104
\g__intarray_font_int=\count105
\g__prg_map_int=\count106
\c_log_iow=\count107
\l_iow_line_count_int=\count108
\l__iow_line_target_int=\count109
\l__iow_one_indent_int=\count110
\l__iow_indent_int=\count111
\c_zero_dim=\dimen112
\c_max_dim=\dimen113
\l_tmpa_dim=\dimen114
\l_tmpb_dim=\dimen115
\g_tmpa_dim=\dimen116
\g_tmpb_dim=\dimen117
\c_zero_skip=\skip46
\c_max_skip=\skip47
\l_tmpa_skip=\skip48
\l_tmpb_skip=\skip49
\g_tmpa_skip=\skip50
\g_tmpb_skip=\skip51
\c_zero_muskip=\muskip11
\c_max_muskip=\muskip12
\l_tmpa_muskip=\muskip13
\l_tmpb_muskip=\muskip14
\g_tmpa_muskip=\muskip15
\g_tmpb_muskip=\muskip16
\l_keys_choice_int=\count112
\c__fp_leading_shift_int=\count113
\c__fp_middle_shift_int=\count114
\c__fp_trailing_shift_int=\count115
\c__fp_big_leading_shift_int=\count116
\c__fp_big_middle_shift_int=\count117
\c__fp_big_trailing_shift_int=\count118
\c__fp_Bigg_leading_shift_int=\count119
\c__fp_Bigg_middle_shift_int=\count120
\c__fp_Bigg_trailing_shift_int=\count121
\l__sort_length_int=\count122
\l__sort_min_int=\count123
\l__sort_top_int=\count124
\l__sort_max_int=\count125
\l__sort_true_max_int=\count126
\l__sort_block_int=\count127
\l__sort_begin_int=\count128
\l__sort_end_int=\count129
\l__sort_A_int=\count130
\l__sort_B_int=\count131
\l__sort_C_int=\count132
\l__tl_build_start_index_int=\count133
\l__tl_build_index_int=\count134
\l__tl_analysis_normal_int=\count135
\l__tl_analysis_index_int=\count136
\l__tl_analysis_nesting_int=\count137
\l__tl_analysis_type_int=\count138
\l__regex_internal_a_int=\count139
\l__regex_internal_b_int=\count140
\l__regex_internal_c_int=\count141
\l__regex_balance_int=\count142
\l__regex_group_level_int=\count143
\l__regex_mode_int=\count144
\c__regex_cs_in_class_mode_int=\count145
\c__regex_cs_mode_int=\count146
\l__regex_catcodes_int=\count147
\l__regex_default_catcodes_int=\count148
\c__regex_catcode_L_int=\count149
\c__regex_catcode_O_int=\count150
\c__regex_catcode_A_int=\count151
\c__regex_all_catcodes_int=\count152
\l__regex_show_lines_int=\count153
\l__regex_min_state_int=\count154
\l__regex_max_state_int=\count155
\l__regex_left_state_int=\count156
\l__regex_right_state_int=\count157
\l__regex_capturing_group_int=\count158
\l__regex_min_pos_int=\count159
\l__regex_max_pos_int=\count160
\l__regex_curr_pos_int=\count161
\l__regex_start_pos_int=\count162
\l__regex_success_pos_int=\count163
\l__regex_curr_char_int=\count164
\l__regex_curr_catcode_int=\count165
\l__regex_last_char_int=\count166
\l__regex_case_changed_char_int=\count167
\l__regex_curr_state_int=\count168
\l__regex_step_int=\count169
\l__regex_min_active_int=\count170
\l__regex_max_active_int=\count171
\l__regex_replacement_csnames_int=\count172
\l__regex_match_count_int=\count173
\l__regex_min_submatch_int=\count174
\l__regex_submatch_int=\count175
\l__regex_zeroth_submatch_int=\count176
\g__regex_trace_regex_int=\count177
\c_empty_box=\box28
\l_tmpa_box=\box29
\l_tmpb_box=\box30
\g_tmpa_box=\box31
\g_tmpb_box=\box32
\l__box_top_dim=\dimen118
\l__box_bottom_dim=\dimen119
\l__box_left_dim=\dimen120
\l__box_right_dim=\dimen121
\l__box_top_new_dim=\dimen122
\l__box_bottom_new_dim=\dimen123
\l__box_left_new_dim=\dimen124
\l__box_right_new_dim=\dimen125
\l__box_internal_box=\box33
\l__coffin_internal_box=\box34
\l__coffin_internal_dim=\dimen126
\l__coffin_offset_x_dim=\dimen127
\l__coffin_offset_y_dim=\dimen128
\l__coffin_x_dim=\dimen129
\l__coffin_y_dim=\dimen130
\l__coffin_x_prime_dim=\dimen131
\l__coffin_y_prime_dim=\dimen132
\c_empty_coffin=\box35
\l__coffin_aligned_coffin=\box36
\l__coffin_aligned_internal_coffin=\box37
\l_tmpa_coffin=\box38
\l_tmpb_coffin=\box39
\l__coffin_display_coffin=\box40
\l__coffin_display_coord_coffin=\box41
\l__coffin_display_pole_coffin=\box42
\l__coffin_display_offset_dim=\dimen133
\l__coffin_display_x_dim=\dimen134
\l__coffin_display_y_dim=\dimen135
\l__coffin_bounding_shift_dim=\dimen136
\l__coffin_left_corner_dim=\dimen137
\l__coffin_right_corner_dim=\dimen138
\l__coffin_bottom_corner_dim=\dimen139
\l__coffin_top_corner_dim=\dimen140
\l__coffin_scaled_total_height_dim=\dimen141
\l__coffin_scaled_width_dim=\dimen142
) (/Users/haozhu/Library/TinyTeX/texmf-dist/tex/latex/l3kernel/l3xdvipdfmx.def
File: l3xdvidpfmx.def 2017/03/18 v L3 Experimental driver: xdvipdfmx
\g__driver_image_int=\count178
\l__driver_tmp_box=\box43
))
Package: xparse 2018/02/21 L3 Experimental document command parser
\l__xparse_current_arg_int=\count179
\g__xparse_grabber_int=\count180
\l__xparse_m_args_int=\count181
\l__xparse_mandatory_args_int=\count182
\l__xparse_v_nesting_int=\count183
)
Package: fontspec 2017/11/09 v2.6g Font selection for XeLaTeX and LuaLaTeX

(/Users/haozhu/Library/TinyTeX/texmf-dist/tex/latex/fontspec/fontspec-xetex.sty
Package: fontspec-xetex 2017/11/09 v2.6g Font selection for XeLaTeX and LuaLaTe
X
\l__fontspec_script_int=\count184
\l__fontspec_language_int=\count185
\l__fontspec_strnum_int=\count186
\l__fontspec_tmp_int=\count187
\l__fontspec_em_int=\count188
\l__fontspec_emdef_int=\count189
\l__fontspec_strong_int=\count190
\l__fontspec_strongdef_int=\count191
\l__fontspec_tmpa_dim=\dimen143
\l__fontspec_tmpb_dim=\dimen144
\l__fontspec_tmpc_dim=\dimen145
\g__file_internal_ior=\read1
(/Users/haozhu/Library/TinyTeX/texmf-dist/tex/latex/base/fontenc.sty
Package: fontenc 2017/04/05 v2.0i Standard LaTeX package
(/Users/haozhu/Library/TinyTeX/texmf-dist/tex/latex/base/tuenc.def
File: tuenc.def 2017/04/05 v2.0i Standard LaTeX file
LaTeX Font Info:    Redeclaring font encoding TU on input line 82.
))
.................................................
. LaTeX info: "xparse/define-command"
. 
. Defining command \fontspec with sig. 'O{}mO{}' on line 542.
.................................................
.................................................
. LaTeX info: "xparse/define-command"
. 
. Defining command \setmainfont with sig. 'O{}mO{}' on line 546.
.................................................
.................................................
. LaTeX info: "xparse/define-command"
. 
. Defining command \setsansfont with sig. 'O{}mO{}' on line 550.
.................................................
.................................................
. LaTeX info: "xparse/define-command"
. 
. Defining command \setmonofont with sig. 'O{}mO{}' on line 554.
.................................................
.................................................
. LaTeX info: "xparse/define-command"
. 
. Defining command \setmathrm with sig. 'O{}mO{}' on line 558.
.................................................
.................................................
. LaTeX info: "xparse/define-command"
. 
. Defining command \setboldmathrm with sig. 'O{}mO{}' on line 562.
.................................................
.................................................
. LaTeX info: "xparse/define-command"
. 
. Defining command \setmathsf with sig. 'O{}mO{}' on line 566.
.................................................
.................................................
. LaTeX info: "xparse/define-command"
. 
. Defining command \setmathtt with sig. 'O{}mO{}' on line 570.
.................................................
.................................................
. LaTeX info: "xparse/define-command"
. 
. Defining command \setromanfont with sig. 'O{}mO{}' on line 574.
.................................................
.................................................
. LaTeX info: "xparse/define-command"
. 
. Defining command \newfontfamily with sig. 'mO{}mO{}' on line 578.
.................................................
.................................................
. LaTeX info: "xparse/define-command"
. 
. Defining command \newfontface with sig. 'mO{}mO{}' on line 582.
.................................................
.................................................
. LaTeX info: "xparse/define-command"
. 
. Defining command \defaultfontfeatures with sig. 't+om' on line 586.
.................................................
.................................................
. LaTeX info: "xparse/define-command"
. 
. Defining command \addfontfeatures with sig. 'm' on line 590.
.................................................
.................................................
. LaTeX info: "xparse/define-command"
. 
. Defining command \addfontfeature with sig. 'm' on line 594.
.................................................
.................................................
. LaTeX info: "xparse/define-command"
. 
. Defining command \newfontfeature with sig. 'mm' on line 598.
.................................................
.................................................
. LaTeX info: "xparse/define-command"
. 
. Defining command \newAATfeature with sig. 'mmmm' on line 602.
.................................................
.................................................
. LaTeX info: "xparse/define-command"
. 
. Defining command \newopentypefeature with sig. 'mmm' on line 606.
.................................................
.................................................
. LaTeX info: "xparse/define-command"
. 
. Defining command \newICUfeature with sig. 'mmm' on line 610.
.................................................
.................................................
. LaTeX info: "xparse/define-command"
. 
. Defining command \aliasfontfeature with sig. 'mm' on line 614.
.................................................
.................................................
. LaTeX info: "xparse/define-command"
. 
. Defining command \aliasfontfeatureoption with sig. 'mmm' on line 618.
.................................................
.................................................
. LaTeX info: "xparse/define-command"
. 
. Defining command \newfontscript with sig. 'mm' on line 622.
.................................................
.................................................
. LaTeX info: "xparse/define-command"
. 
. Defining command \newfontlanguage with sig. 'mm' on line 626.
.................................................
.................................................
. LaTeX info: "xparse/define-command"
. 
. Defining command \DeclareFontsExtensions with sig. 'm' on line 630.
.................................................
.................................................
. LaTeX info: "xparse/define-command"
. 
. Defining command \IfFontFeatureActiveTF with sig. 'mmm' on line 634.
.................................................
.................................................
. LaTeX info: "xparse/define-command"
. 
. Defining command \EncodingCommand with sig. 'mO{}m' on line 3632.
.................................................
.................................................
. LaTeX info: "xparse/define-command"
. 
. Defining command \EncodingAccent with sig. 'mm' on line 3638.
.................................................
.................................................
. LaTeX info: "xparse/define-command"
. 
. Defining command \EncodingSymbol with sig. 'mm' on line 3644.
.................................................
.................................................
. LaTeX info: "xparse/define-command"
. 
. Defining command \EncodingComposite with sig. 'mmm' on line 3650.
.................................................
.................................................
. LaTeX info: "xparse/define-command"
. 
. Defining command \EncodingCompositeCommand with sig. 'mmm' on line 3656.
.................................................
.................................................
. LaTeX info: "xparse/define-command"
. 
. Defining command \DeclareUnicodeEncoding with sig. 'mm' on line 3681.
.................................................
.................................................
. LaTeX info: "xparse/define-command"
. 
. Defining command \UndeclareSymbol with sig. 'm' on line 3687.
.................................................
.................................................
. LaTeX info: "xparse/define-command"
. 
. Defining command \UndeclareAccent with sig. 'm' on line 3693.
.................................................
.................................................
. LaTeX info: "xparse/define-command"
. 
. Defining command \UndeclareCommand with sig. 'm' on line 3699.
.................................................
.................................................
. LaTeX info: "xparse/define-command"
. 
. Defining command \UndeclareComposite with sig. 'mm' on line 3706.
.................................................
(/Users/haozhu/Library/TinyTeX/texmf-dist/tex/latex/fontspec/fontspec.cfg)
LaTeX Info: Redefining \itshape on input line 3891.
LaTeX Info: Redefining \slshape on input line 3896.
LaTeX Info: Redefining \scshape on input line 3901.
LaTeX Info: Redefining \upshape on input line 3906.
LaTeX Info: Redefining \em on input line 3936.
LaTeX Info: Redefining \emph on input line 3961.
LaTeX Info: Redefining \- on input line 4015.
.................................................
. LaTeX info: "xparse/redefine-command"
. 
. Redefining command \oldstylenums with sig. 'm' on line 4110.
.................................................
.................................................
. LaTeX info: "xparse/define-command"
. 
. Defining command \liningnums with sig. 'm' on line 4114.
.................................................
)) (/Users/haozhu/Library/TinyTeX/texmf-dist/tex/latex/xkeyval/xkeyval.sty
Package: xkeyval 2014/12/03 v2.7a package option processing (HA)
(/Users/haozhu/Library/TinyTeX/texmf-dist/tex/generic/xkeyval/xkeyval.tex (/Use
rs/haozhu/Library/TinyTeX/texmf-dist/tex/generic/xkeyval/xkvutils.tex
\XKV@toks=\toks20
\XKV@tempa@toks=\toks21
(/Users/haozhu/Library/TinyTeX/texmf-dist/tex/generic/xkeyval/keyval.tex))
\XKV@depth=\count192
File: xkeyval.tex 2014/12/03 v2.7a key=value parser (HA)
))
\c@eu@=\count193
\c@eu@i=\count194
\c@mkern=\count195
) (/Users/haozhu/Library/TinyTeX/texmf-dist/tex/latex/xltxtra/xltxtra.sty
Package: xltxtra 2016/01/21 v0.6 Improvements for the "XeLaTeX" format

(/Users/haozhu/Library/TinyTeX/texmf-dist/tex/latex/realscripts/realscripts.sty
Package: realscripts 2016/02/13 v0.3d Access OpenType subscripts and superscrip
ts
.................................................
. LaTeX info: "xparse/define-command"
. 
. Defining command \fakesubscript with sig. 'm' on line 19.
.................................................
.................................................
. LaTeX info: "xparse/define-command"
. 
. Defining command \fakesuperscript with sig. 'm' on line 22.
.................................................
.................................................
. LaTeX info: "xparse/redefine-command"
. 
. Redefining command \textsubscript with sig. 's' on line 25.
.................................................
.................................................
. LaTeX info: "xparse/redefine-command"
. 
. Redefining command \textsuperscript with sig. 's' on line 28.
.................................................
.................................................
. LaTeX info: "xparse/define-command"
. 
. Defining command \realsubscript with sig. 'm' on line 45.
.................................................
.................................................
. LaTeX info: "xparse/define-command"
. 
. Defining command \realsuperscript with sig. 'm' on line 60.
.................................................
.................................................
. LaTeX info: "xparse/define-command"
. 
. Defining command \textsubsuperscript with sig. 'sO{l}mm' on line 138.
.................................................
.................................................
. LaTeX info: "xparse/define-command"
. 
. Defining command \textsupersubscript with sig. 'sO{l}mm' on line 143.
.................................................
\subsupersep=\dimen146
) (/Users/haozhu/Library/TinyTeX/texmf-dist/tex/latex/metalogo/metalogo.sty
Package: metalogo 2010/05/29 v0.12 Extended TeX logo macros
(/Users/haozhu/Library/TinyTeX/texmf-dist/tex/latex/graphics/graphicx.sty
Package: graphicx 2017/06/01 v1.1a Enhanced LaTeX Graphics (DPC,SPQR)
(/Users/haozhu/Library/TinyTeX/texmf-dist/tex/latex/graphics/graphics.sty
Package: graphics 2017/06/25 v1.2c Standard LaTeX Graphics (DPC,SPQR)
(/Users/haozhu/Library/TinyTeX/texmf-dist/tex/latex/graphics/trig.sty
Package: trig 2016/01/03 v1.10 sin cos tan (DPC)
) (/Users/haozhu/Library/TinyTeX/texmf-dist/tex/latex/graphics-cfg/graphics.cfg
File: graphics.cfg 2016/06/04 v1.11 sample graphics configuration
)
Package graphics Info: Driver file: xetex.def on input line 99.
(/Users/haozhu/Library/TinyTeX/texmf-dist/tex/latex/graphics-def/xetex.def
File: xetex.def 2017/06/24 v5.0h Graphics/color driver for xetex
))
\Gin@req@height=\dimen147
\Gin@req@width=\dimen148
)
\xl@everylogo=\toks22
\xl@@everylogo=\toks23
LaTeX Info: Redefining \TeX on input line 193.
LaTeX Info: Redefining \LaTeX on input line 202.
LaTeX Info: Redefining \LaTeXe on input line 219.
)
\l__xetex_show_hyphens_wrapping_box=\box44
\l__xetex_show_hyphens_temp_box=\box45
\l__xetex_show_hyphens_final_box=\box46
\g__xetex_show_hyphens_word_box=\box47
) (/Users/haozhu/Library/TinyTeX/texmf-dist/tex/xelatex/xunicode/xunicode.sty
File: xunicode.sty 2011/09/09 v0.981 provides access to latin accents and many 
other characters in Unicode lower plane
(/Users/haozhu/Library/TinyTeX/texmf-dist/tex/latex/tipa/t3enc.def
File: t3enc.def 2001/12/31 T3 encoding
)
\tipaTiiicode=\count196
\tipasavetokens=\toks24
\tipachecktokens=\toks25
) (/Users/haozhu/Library/TinyTeX/texmf-dist/tex/latex/upquote/upquote.sty
Package: upquote 2012/04/19 v1.3 upright-quote and grave-accent glyphs in verba
tim
(/Users/haozhu/Library/TinyTeX/texmf-dist/tex/latex/base/textcomp.sty
Package: textcomp 2017/04/05 v2.0i Standard LaTeX package
Package textcomp Info: Sub-encoding information:
(textcomp)               5 = only ISO-Adobe without \textcurrency
(textcomp)               4 = 5 + \texteuro
(textcomp)               3 = 4 + \textohm
(textcomp)               2 = 3 + \textestimated + \textcurrency
(textcomp)               1 = TS1 - \textcircled - \t
(textcomp)               0 = TS1 (full)
(textcomp)             Font families with sub-encoding setting implement
(textcomp)             only a restricted character set as indicated.
(textcomp)             Family '?' is the default used for unknown fonts.
(textcomp)             See the documentation for details.
Package textcomp Info: Setting ? sub-encoding to TS1/1 on input line 79.
(/Users/haozhu/Library/TinyTeX/texmf-dist/tex/latex/base/ts1enc.def
File: ts1enc.def 2001/06/05 v3.0e (jk/car/fm) Standard LaTeX file
)
LaTeX Info: Redefining \oldstylenums on input line 334.
Package textcomp Info: Setting cmr sub-encoding to TS1/0 on input line 349.
Package textcomp Info: Setting cmss sub-encoding to TS1/0 on input line 350.
Package textcomp Info: Setting cmtt sub-encoding to TS1/0 on input line 351.
Package textcomp Info: Setting cmvtt sub-encoding to TS1/0 on input line 352.
Package textcomp Info: Setting cmbr sub-encoding to TS1/0 on input line 353.
Package textcomp Info: Setting cmtl sub-encoding to TS1/0 on input line 354.
Package textcomp Info: Setting ccr sub-encoding to TS1/0 on input line 355.
Package textcomp Info: Setting ptm sub-encoding to TS1/4 on input line 356.
Package textcomp Info: Setting pcr sub-encoding to TS1/4 on input line 357.
Package textcomp Info: Setting phv sub-encoding to TS1/4 on input line 358.
Package textcomp Info: Setting ppl sub-encoding to TS1/3 on input line 359.
Package textcomp Info: Setting pag sub-encoding to TS1/4 on input line 360.
Package textcomp Info: Setting pbk sub-encoding to TS1/4 on input line 361.
Package textcomp Info: Setting pnc sub-encoding to TS1/4 on input line 362.
Package textcomp Info: Setting pzc sub-encoding to TS1/4 on input line 363.
Package textcomp Info: Setting bch sub-encoding to TS1/4 on input line 364.
Package textcomp Info: Setting put sub-encoding to TS1/5 on input line 365.
Package textcomp Info: Setting uag sub-encoding to TS1/5 on input line 366.
Package textcomp Info: Setting ugq sub-encoding to TS1/5 on input line 367.
Package textcomp Info: Setting ul8 sub-encoding to TS1/4 on input line 368.
Package textcomp Info: Setting ul9 sub-encoding to TS1/4 on input line 369.
Package textcomp Info: Setting augie sub-encoding to TS1/5 on input line 370.
Package textcomp Info: Setting dayrom sub-encoding to TS1/3 on input line 371.
Package textcomp Info: Setting dayroms sub-encoding to TS1/3 on input line 372.

Package textcomp Info: Setting pxr sub-encoding to TS1/0 on input line 373.
Package textcomp Info: Setting pxss sub-encoding to TS1/0 on input line 374.
Package textcomp Info: Setting pxtt sub-encoding to TS1/0 on input line 375.
Package textcomp Info: Setting txr sub-encoding to TS1/0 on input line 376.
Package textcomp Info: Setting txss sub-encoding to TS1/0 on input line 377.
Package textcomp Info: Setting txtt sub-encoding to TS1/0 on input line 378.
Package textcomp Info: Setting lmr sub-encoding to TS1/0 on input line 379.
Package textcomp Info: Setting lmdh sub-encoding to TS1/0 on input line 380.
Package textcomp Info: Setting lmss sub-encoding to TS1/0 on input line 381.
Package textcomp Info: Setting lmssq sub-encoding to TS1/0 on input line 382.
Package textcomp Info: Setting lmvtt sub-encoding to TS1/0 on input line 383.
Package textcomp Info: Setting lmtt sub-encoding to TS1/0 on input line 384.
Package textcomp Info: Setting qhv sub-encoding to TS1/0 on input line 385.
Package textcomp Info: Setting qag sub-encoding to TS1/0 on input line 386.
Package textcomp Info: Setting qbk sub-encoding to TS1/0 on input line 387.
Package textcomp Info: Setting qcr sub-encoding to TS1/0 on input line 388.
Package textcomp Info: Setting qcs sub-encoding to TS1/0 on input line 389.
Package textcomp Info: Setting qpl sub-encoding to TS1/0 on input line 390.
Package textcomp Info: Setting qtm sub-encoding to TS1/0 on input line 391.
Package textcomp Info: Setting qzc sub-encoding to TS1/0 on input line 392.
Package textcomp Info: Setting qhvc sub-encoding to TS1/0 on input line 393.
Package textcomp Info: Setting futs sub-encoding to TS1/4 on input line 394.
Package textcomp Info: Setting futx sub-encoding to TS1/4 on input line 395.
Package textcomp Info: Setting futj sub-encoding to TS1/4 on input line 396.
Package textcomp Info: Setting hlh sub-encoding to TS1/3 on input line 397.
Package textcomp Info: Setting hls sub-encoding to TS1/3 on input line 398.
Package textcomp Info: Setting hlst sub-encoding to TS1/3 on input line 399.
Package textcomp Info: Setting hlct sub-encoding to TS1/5 on input line 400.
Package textcomp Info: Setting hlx sub-encoding to TS1/5 on input line 401.
Package textcomp Info: Setting hlce sub-encoding to TS1/5 on input line 402.
Package textcomp Info: Setting hlcn sub-encoding to TS1/5 on input line 403.
Package textcomp Info: Setting hlcw sub-encoding to TS1/5 on input line 404.
Package textcomp Info: Setting hlcf sub-encoding to TS1/5 on input line 405.
Package textcomp Info: Setting pplx sub-encoding to TS1/3 on input line 406.
Package textcomp Info: Setting pplj sub-encoding to TS1/3 on input line 407.
Package textcomp Info: Setting ptmx sub-encoding to TS1/4 on input line 408.
Package textcomp Info: Setting ptmj sub-encoding to TS1/4 on input line 409.
)) (/Users/haozhu/Library/TinyTeX/texmf-dist/tex/latex/geometry/geometry.sty
Package: geometry 2010/09/12 v5.6 Page Geometry
(/Users/haozhu/Library/TinyTeX/texmf-dist/tex/generic/oberdiek/ifpdf.sty
Package: ifpdf 2017/03/15 v3.2 Provides the ifpdf switch
) (/Users/haozhu/Library/TinyTeX/texmf-dist/tex/generic/oberdiek/ifvtex.sty
Package: ifvtex 2016/05/16 v1.6 Detect VTeX and its facilities (HO)
Package ifvtex Info: VTeX not detected.
)
\Gm@cnth=\count197
\Gm@cntv=\count198
\c@Gm@tempcnt=\count199
\Gm@bindingoffset=\dimen149
\Gm@wd@mp=\dimen150
\Gm@odd@mp=\dimen151
\Gm@even@mp=\dimen152
\Gm@layoutwidth=\dimen153
\Gm@layoutheight=\dimen154
\Gm@layouthoffset=\dimen155
\Gm@layoutvoffset=\dimen156
\Gm@dimlist=\toks26
) (/Users/haozhu/Library/TinyTeX/texmf-dist/tex/latex/graphics/color.sty
Package: color 2016/07/10 v1.1e Standard LaTeX Color (DPC)
(/Users/haozhu/Library/TinyTeX/texmf-dist/tex/latex/graphics-cfg/color.cfg
File: color.cfg 2016/01/02 v1.6 sample color configuration
)
Package color Info: Driver file: xetex.def on input line 147.
) (/Users/haozhu/Library/TinyTeX/texmf-dist/tex/latex/fancyvrb/fancyvrb.sty
Package: fancyvrb 2008/02/07

Style option: `fancyvrb' v2.7a, with DG/SPQR fixes, and firstline=lastline fix 
<2008/02/07> (tvz)
\FV@CodeLineNo=\count266
\FV@InFile=\read2
\FV@TabBox=\box48
\c@FancyVerbLine=\count267
\FV@StepNumber=\count268
\FV@OutFile=\write3
) (/Users/haozhu/Library/TinyTeX/texmf-dist/tex/latex/framed/framed.sty
Package: framed 2011/10/22 v 0.96: framed or shaded text with page breaks
\OuterFrameSep=\skip52
\fb@frw=\dimen157
\fb@frh=\dimen158
\FrameRule=\dimen159
\FrameSep=\dimen160
) (/Users/haozhu/Library/TinyTeX/texmf-dist/tex/latex/tools/longtable.sty
Package: longtable 2014/10/28 v4.11 Multi-page Table package (DPC)
\LTleft=\skip53
\LTright=\skip54
\LTpre=\skip55
\LTpost=\skip56
\LTchunksize=\count269
\LTcapwidth=\dimen161
\LT@head=\box49
\LT@firsthead=\box50
\LT@foot=\box51
\LT@lastfoot=\box52
\LT@cols=\count270
\LT@rows=\count271
\c@LT@tables=\count272
\c@LT@chunks=\count273
\LT@p@ftn=\toks27
) (/Users/haozhu/Library/TinyTeX/texmf-dist/tex/latex/booktabs/booktabs.sty
Package: booktabs 2016/04/27 v1.618033 publication quality tables
\heavyrulewidth=\dimen162
\lightrulewidth=\dimen163
\cmidrulewidth=\dimen164
\belowrulesep=\dimen165
\belowbottomsep=\dimen166
\aboverulesep=\dimen167
\abovetopsep=\dimen168
\cmidrulesep=\dimen169
\cmidrulekern=\dimen170
\defaultaddspace=\dimen171
\@cmidla=\count274
\@cmidlb=\count275
\@aboverulesep=\dimen172
\@belowrulesep=\dimen173
\@thisruleclass=\count276
\@lastruleclass=\count277
\@thisrulewidth=\dimen174
) (/Users/haozhu/Library/TinyTeX/texmf-dist/tex/latex/hyperref/hyperref.sty
Package: hyperref 2018/02/06 v6.86b Hypertext links for LaTeX

(/Users/haozhu/Library/TinyTeX/texmf-dist/tex/generic/oberdiek/hobsub-hyperref.
sty
Package: hobsub-hyperref 2016/05/16 v1.14 Bundle oberdiek, subset hyperref (HO)


(/Users/haozhu/Library/TinyTeX/texmf-dist/tex/generic/oberdiek/hobsub-generic.s
ty
Package: hobsub-generic 2016/05/16 v1.14 Bundle oberdiek, subset generic (HO)
Package: hobsub 2016/05/16 v1.14 Construct package bundles (HO)
Package: infwarerr 2016/05/16 v1.4 Providing info/warning/error messages (HO)
Package: ltxcmds 2016/05/16 v1.23 LaTeX kernel commands for general use (HO)
Package hobsub Info: Skipping package `ifluatex' (already loaded).
Package hobsub Info: Skipping package `ifvtex' (already loaded).
Package: intcalc 2016/05/16 v1.2 Expandable calculations with integers (HO)
Package hobsub Info: Skipping package `ifpdf' (already loaded).
Package: etexcmds 2016/05/16 v1.6 Avoid name clashes with e-TeX commands (HO)
Package etexcmds Info: Could not find \expanded.
(etexcmds)             That can mean that you are not using pdfTeX 1.50 or
(etexcmds)             that some package has redefined \expanded.
(etexcmds)             In the latter case, load this package earlier.
Package: kvsetkeys 2016/05/16 v1.17 Key value parser (HO)
Package: kvdefinekeys 2016/05/16 v1.4 Define keys (HO)
Package: pdftexcmds 2018/01/21 v0.26 Utility functions of pdfTeX for LuaTeX (HO
)
Package pdftexcmds Info: LuaTeX not detected.
Package pdftexcmds Info: pdfTeX >= 1.30 not detected.
Package pdftexcmds Info: \pdf@primitive is available.
Package pdftexcmds Info: \pdf@ifprimitive is available.
Package pdftexcmds Info: \pdfdraftmode not found.
Package: pdfescape 2016/05/16 v1.14 Implements pdfTeX's escape features (HO)
Package: bigintcalc 2016/05/16 v1.4 Expandable calculations on big integers (HO
)
Package: bitset 2016/05/16 v1.2 Handle bit-vector datatype (HO)
Package: uniquecounter 2016/05/16 v1.3 Provide unlimited unique counter (HO)
)
Package hobsub Info: Skipping package `hobsub' (already loaded).
Package: letltxmacro 2016/05/16 v1.5 Let assignment for LaTeX macros (HO)
Package: hopatch 2016/05/16 v1.3 Wrapper for package hooks (HO)
Package: xcolor-patch 2016/05/16 xcolor patch
Package: atveryend 2016/05/16 v1.9 Hooks at the very end of document (HO)
Package: atbegshi 2016/06/09 v1.18 At begin shipout hook (HO)
Package: refcount 2016/05/16 v3.5 Data extraction from label references (HO)
Package: hycolor 2016/05/16 v1.8 Color options for hyperref/bookmark (HO)
) (/Users/haozhu/Library/TinyTeX/texmf-dist/tex/latex/oberdiek/auxhook.sty
Package: auxhook 2016/05/16 v1.4 Hooks for auxiliary files (HO)
) (/Users/haozhu/Library/TinyTeX/texmf-dist/tex/latex/oberdiek/kvoptions.sty
Package: kvoptions 2016/05/16 v3.12 Key value format for package options (HO)
)
\@linkdim=\dimen175
\Hy@linkcounter=\count278
\Hy@pagecounter=\count279
(/Users/haozhu/Library/TinyTeX/texmf-dist/tex/latex/hyperref/pd1enc.def
File: pd1enc.def 2018/02/06 v6.86b Hyperref: PDFDocEncoding definition (HO)
)
\Hy@SavedSpaceFactor=\count280
(/Users/haozhu/Library/TinyTeX/texmf-dist/tex/latex/latexconfig/hyperref.cfg
File: hyperref.cfg 2002/06/06 v1.2 hyperref configuration of TeXLive
)
Package hyperref Info: Option `setpagesize' set `false' on input line 4383.
Package hyperref Info: Option `unicode' set `false' on input line 4383.
Package hyperref Info: Hyper figures OFF on input line 4509.
Package hyperref Info: Link nesting OFF on input line 4514.
Package hyperref Info: Hyper index ON on input line 4517.
Package hyperref Info: Plain pages OFF on input line 4524.
Package hyperref Info: Backreferencing OFF on input line 4529.
Package hyperref Info: Implicit mode ON; LaTeX internals redefined.
Package hyperref Info: Bookmarks ON on input line 4762.
\c@Hy@tempcnt=\count281
(/Users/haozhu/Library/TinyTeX/texmf-dist/tex/latex/url/url.sty
\Urlmuskip=\muskip17
Package: url 2013/09/16  ver 3.4  Verb mode for urls, etc.
)
LaTeX Info: Redefining \url on input line 5115.
\XeTeXLinkMargin=\dimen176
\Fld@menulength=\count282
\Field@Width=\dimen177
\Fld@charsize=\dimen178
Package hyperref Info: Hyper figures OFF on input line 6369.
Package hyperref Info: Link nesting OFF on input line 6374.
Package hyperref Info: Hyper index ON on input line 6377.
Package hyperref Info: backreferencing OFF on input line 6384.
Package hyperref Info: Link coloring OFF on input line 6389.
Package hyperref Info: Link coloring with OCG OFF on input line 6394.
Package hyperref Info: PDF/A mode OFF on input line 6399.
LaTeX Info: Redefining \ref on input line 6439.
LaTeX Info: Redefining \pageref on input line 6443.
\Hy@abspage=\count283
\c@Item=\count284
\c@Hfootnote=\count285
)
Package hyperref Info: Driver: hxetex.
(/Users/haozhu/Library/TinyTeX/texmf-dist/tex/latex/hyperref/hxetex.def
File: hxetex.def 2018/02/06 v6.86b Hyperref driver for XeTeX
(/Users/haozhu/Library/TinyTeX/texmf-dist/tex/latex/hyperref/puenc.def
File: puenc.def 2018/02/06 v6.86b Hyperref: PDF Unicode definition (HO)
) (/Users/haozhu/Library/TinyTeX/texmf-dist/tex/generic/oberdiek/stringenc.sty
Package: stringenc 2016/05/16 v1.11 Convert strings between diff. encodings (HO
)
)
\pdfm@box=\box53
\c@Hy@AnnotLevel=\count286
\HyField@AnnotCount=\count287
\Fld@listcount=\count288
\c@bookmark@seq@number=\count289

(/Users/haozhu/Library/TinyTeX/texmf-dist/tex/latex/oberdiek/rerunfilecheck.sty
Package: rerunfilecheck 2016/05/16 v1.8 Rerun checks for auxiliary files (HO)
Package rerunfilecheck Info: Feature \pdfmdfivesum is not available
(rerunfilecheck)             (e.g. pdfTeX or LuaTeX with package `pdftexcmds').

(rerunfilecheck)             Therefore file contents cannot be checked efficien
tly
(rerunfilecheck)             and the loading of the package is aborted.
)
\Hy@SectionHShift=\skip57
)
Package hyperref Info: Option `breaklinks' set `true' on input line 92.

Package hyperref Warning: Option `bookmarks' has already been used,
(hyperref)                setting the option has no effect on input line 92.


(/Users/haozhu/Library/TinyTeX/texmf-dist/tex/generic/oberdiek/se-ascii-print.d
ef
File: se-ascii-print.def 2016/05/16 v1.11 stringenc: Printable ASCII characters

)
Package hyperref Info: Option `colorlinks' set `true' on input line 92.
(/Users/haozhu/Library/TinyTeX/texmf-dist/tex/latex/titling/titling.sty
Package: titling 2009/09/04 v2.1d maketitle typesetting
\thanksmarkwidth=\skip58
\thanksmargin=\skip59
\droptitle=\skip60
) (/Users/haozhu/Library/TinyTeX/texmf-dist/tex/latex/xcolor/xcolor.sty
Package: xcolor 2016/05/11 v2.12 LaTeX color extensions (UK)
(/Users/haozhu/Library/TinyTeX/texmf-dist/tex/latex/graphics-cfg/color.cfg
File: color.cfg 2016/01/02 v1.6 sample color configuration
)
Package xcolor Info: Driver file: xetex.def on input line 225.
(/Users/haozhu/Library/TinyTeX/texmf-dist/tex/latex/colortbl/colortbl.sty
Package: colortbl 2012/02/13 v1.0a Color table columns (DPC)
(/Users/haozhu/Library/TinyTeX/texmf-dist/tex/latex/tools/array.sty
Package: array 2016/10/06 v2.4d Tabular extension package (FMi)
\col@sep=\dimen179
\extrarowheight=\dimen180
\NC@list=\toks28
\extratabsurround=\skip61
\backup@length=\skip62
)
\everycr=\toks29
\minrowclearance=\skip63
)
LaTeX Info: Redefining \color on input line 709.
\rownum=\count290
Package xcolor Info: Model `cmy' substituted by `cmy0' on input line 1348.
Package xcolor Info: Model `RGB' extended on input line 1364.
Package xcolor Info: Model `HTML' substituted by `rgb' on input line 1366.
Package xcolor Info: Model `Hsb' substituted by `hsb' on input line 1367.
Package xcolor Info: Model `tHsb' substituted by `hsb' on input line 1368.
Package xcolor Info: Model `HSB' substituted by `hsb' on input line 1369.
Package xcolor Info: Model `Gray' substituted by `gray' on input line 1370.
Package xcolor Info: Model `wave' substituted by `hsb' on input line 1371.
) (/Users/haozhu/Library/TinyTeX/texmf-dist/tex/latex/ms/ragged2e.sty
Package: ragged2e 2009/05/21 v2.1 ragged2e Package (MS)
(/Users/haozhu/Library/TinyTeX/texmf-dist/tex/latex/ms/everysel.sty
Package: everysel 2011/10/28 v1.2 EverySelectfont Package (MS)
)
\CenteringLeftskip=\skip64
\RaggedLeftLeftskip=\skip65
\RaggedRightLeftskip=\skip66
\CenteringRightskip=\skip67
\RaggedLeftRightskip=\skip68
\RaggedRightRightskip=\skip69
\CenteringParfillskip=\skip70
\RaggedLeftParfillskip=\skip71
\RaggedRightParfillskip=\skip72
\JustifyingParfillskip=\skip73
\CenteringParindent=\skip74
\RaggedLeftParindent=\skip75
\RaggedRightParindent=\skip76
\JustifyingParindent=\skip77
) (/Users/haozhu/Library/TinyTeX/texmf-dist/tex/latex/setspace/setspace.sty
Package: setspace 2011/12/19 v6.7a set line spacing
) (/Users/haozhu/Library/TinyTeX/texmf-dist/tex/latex/lastpage/lastpage.sty
Package: lastpage 2015/03/29 v1.2m Refers to last page's name (HMM; JPG)
) (/Users/haozhu/Library/TinyTeX/texmf-dist/tex/latex/oberdiek/pdflscape.sty
Package: pdflscape 2016/05/14 v0.11 Display of landscape pages in PDF (HO)
(/Users/haozhu/Library/TinyTeX/texmf-dist/tex/latex/graphics/lscape.sty
Package: lscape 2000/10/22 v3.01 Landscape Pages (DPC)
)
Package pdflscape Info: Auto-detected driver: dvipdfm (xetex) on input line 99.

) (/Users/haozhu/Library/TinyTeX/texmf-dist/tex/latex/tools/tabularx.sty
Package: tabularx 2016/02/03 v2.11 `tabularx' package (DPC)
\TX@col@width=\dimen181
\TX@old@table=\dimen182
\TX@old@col=\dimen183
\TX@target=\dimen184
\TX@delta=\dimen185
\TX@cols=\count291
\TX@ftn=\toks30
) (/Users/haozhu/Library/TinyTeX/texmf-dist/tex/latex/tabulary/tabulary.sty
Package: tabulary 2014/06/11 v0.10 tabulary package (DPC)
\TY@count=\count292
\TY@linewidth=\dimen186
\tymin=\dimen187
\tymax=\dimen188
\TY@tablewidth=\dimen189
) (/Users/haozhu/Library/TinyTeX/texmf-dist/tex/latex/tabu/tabu.sty
Package: tabu 2011/02/26 v2.8 - flexible LaTeX tabulars (FC)
(/Users/haozhu/Library/TinyTeX/texmf-dist/tex/latex/varwidth/varwidth.sty
Package: varwidth 2009/03/30 ver 0.92;  Variable-width minipages
\@vwid@box=\box54
\sift@deathcycles=\count293
\@vwid@loff=\dimen190
\@vwid@roff=\dimen191
)
\c@taburow=\count294
\tabu@nbcols=\count295
\tabu@cnt=\count296
\tabu@Xcol=\count297
\tabu@alloc=\count298
\tabu@nested=\count299
\tabu@target=\dimen192
\tabu@spreadtarget=\dimen193
\tabu@naturalX=\dimen194
\tabucolX=\dimen195
\tabu@Xsum=\dimen196
\extrarowdepth=\dimen197
\abovetabulinesep=\dimen198
\belowtabulinesep=\dimen199
\tabustrutrule=\dimen256
\tabu@thebody=\toks31
\tabu@footnotes=\toks32
\tabu@box=\box55
\tabu@arstrutbox=\box56
\tabu@hleads=\box57
\tabu@vleads=\box58
\tabu@cellskip=\skip78
) (/Users/haozhu/Library/TinyTeX/texmf-dist/tex/latex/was/gensymb.sty
Package: gensymb 2003/07/02 v1.0 (WaS)
) (/Users/haozhu/Library/TinyTeX/texmf-dist/tex/latex/libertine/libertine.sty
Package: libertine 2018/01/03 (Bob Tennent) Supports Libertine and Biolinum fon
ts for all LaTeX engines.
Requested font "[LinLibertine_R.otf]/OT" at 10.95pt
 -> /Users/haozhu/Library/TinyTeX/texmf-dist/fonts/opentype/public/libertine/Li
nLibertine_R.otf
\g__fontspec_family_LinLibertine_int=\count300
Requested font "[LinLibertine_RB.otf]/OT" at 10.95pt
 -> /Users/haozhu/Library/TinyTeX/texmf-dist/fonts/opentype/public/libertine/Li
nLibertine_RB.otf
Requested font "[LinLibertine_RI.otf]/OT" at 10.95pt
 -> /Users/haozhu/Library/TinyTeX/texmf-dist/fonts/opentype/public/libertine/Li
nLibertine_RI.otf
Requested font "[LinLibertine_RBI.otf]/OT" at 10.95pt
 -> /Users/haozhu/Library/TinyTeX/texmf-dist/fonts/opentype/public/libertine/Li
nLibertine_RBI.otf
.................................................
. fontspec info: "defining-font"
. 
. Font family 'LinLibertine(0)' created for font 'LinLibertine' with options
. [Ligatures = TeX,Extension =
. .otf,SmallCapsFeatures={Letters=SmallCaps},Ligatures=TeX,Numbers =
. {Monospaced,Lining},Scale = 1,UprightFont = *_R,ItalicFont = *_RI,BoldFont =
. *_RB,BoldItalicFont = *_RBI].
.  
.  This font family consists of the following NFSS series/shapes:
.  
. - 'normal' (m/n) with NFSS spec.:
. <->s*[1]"[LinLibertine_R.otf]/OT:script=latn;language=DFLT;+tnum;+lnum;mappin
g=tex-text;"
. - 'small caps'  (m/sc) with NFSS spec.:
. <->s*[1]"[LinLibertine_R.otf]/OT:script=latn;language=DFLT;+tnum;+lnum;+smcp;
mapping=tex-text;"
. - 'bold' (bx/n) with NFSS spec.:
. <->s*[1]"[LinLibertine_RB.otf]/OT:script=latn;language=DFLT;+tnum;+lnum;mappi
ng=tex-text;"
. - 'bold small caps'  (bx/sc) with NFSS spec.:
. <->s*[1]"[LinLibertine_RB.otf]/OT:script=latn;language=DFLT;+tnum;+lnum;+smcp
;mapping=tex-text;"
. - 'italic' (m/it) with NFSS spec.:
. <->s*[1]"[LinLibertine_RI.otf]/OT:script=latn;language=DFLT;+tnum;+lnum;mappi
ng=tex-text;"
. - 'italic small caps'  (m/itsc) with NFSS spec.:
. <->s*[1]"[LinLibertine_RI.otf]/OT:script=latn;language=DFLT;+tnum;+lnum;+smcp
;mapping=tex-text;"
. - 'bold italic' (bx/it) with NFSS spec.:
. <->s*[1]"[LinLibertine_RBI.otf]/OT:script=latn;language=DFLT;+tnum;+lnum;mapp
ing=tex-text;"
. - 'bold italic small caps'  (bx/itsc) with NFSS spec.:
. <->s*[1]"[LinLibertine_RBI.otf]/OT:script=latn;language=DFLT;+tnum;+lnum;+smc
p;mapping=tex-text;"
.................................................
LaTeX Info: Redefining \rmfamily on input line 303.
LaTeX Font Info:    Font shape `TU/LinLibertine(0)/m/n' will be
(Font)              scaled to size 10.95pt on input line 303.
Requested font "[LinLibertine_R.otf]/OT:script=latn;language=DFLT;+tnum;+lnum;m
apping=tex-text;" at 10.95pt
 -> /Users/haozhu/Library/TinyTeX/texmf-dist/fonts/opentype/public/libertine/Li
nLibertine_R.otf
Requested font "[LinBiolinum_R.otf]/OT" at 10.95pt
 -> /Users/haozhu/Library/TinyTeX/texmf-dist/fonts/opentype/public/libertine/Li
nBiolinum_R.otf
\g__fontspec_family_LinBiolinum_int=\count301
Requested font "[LinBiolinum_RB.otf]/OT" at 10.95pt
 -> /Users/haozhu/Library/TinyTeX/texmf-dist/fonts/opentype/public/libertine/Li
nBiolinum_RB.otf
Requested font "[LinBiolinum_RI.otf]/OT" at 10.95pt
 -> /Users/haozhu/Library/TinyTeX/texmf-dist/fonts/opentype/public/libertine/Li
nBiolinum_RI.otf
Requested font "[LinBiolinum_RBO.otf]/OT" at 10.95pt
 -> /Users/haozhu/Library/TinyTeX/texmf-dist/fonts/opentype/public/libertine/Li
nBiolinum_RBO.otf
.................................................
. fontspec info: "defining-font"
. 
. Font family 'LinBiolinum(0)' created for font 'LinBiolinum' with options
. [Ligatures = TeX,Extension =
. .otf,SmallCapsFeatures={Letters=SmallCaps},Ligatures=TeX,Numbers =
. {Monospaced, },Scale = 1,UprightFont = *_R,ItalicFont = *_RI,BoldFont =
. *_RB,BoldItalicFont = *_RBO].
.  
.  This font family consists of the following NFSS series/shapes:
.  
. - 'normal' (m/n) with NFSS spec.:
. <->s*[1]"[LinBiolinum_R.otf]/OT:script=latn;language=DFLT;+tnum;mapping=tex-t
ext;"
. - 'small caps'  (m/sc) with NFSS spec.:
. <->s*[1]"[LinBiolinum_R.otf]/OT:script=latn;language=DFLT;+tnum;+smcp;mapping
=tex-text;"
. - 'bold' (bx/n) with NFSS spec.:
. <->s*[1]"[LinBiolinum_RB.otf]/OT:script=latn;language=DFLT;+tnum;mapping=tex-
text;"
. - 'bold small caps'  (bx/sc) with NFSS spec.:
. <->s*[1]"[LinBiolinum_RB.otf]/OT:script=latn;language=DFLT;+tnum;+smcp;mappin
g=tex-text;"
. - 'italic' (m/it) with NFSS spec.:
. <->s*[1]"[LinBiolinum_RI.otf]/OT:script=latn;language=DFLT;+tnum;mapping=tex-
text;"
. - 'italic small caps'  (m/itsc) with NFSS spec.:
. <->s*[1]"[LinBiolinum_RI.otf]/OT:script=latn;language=DFLT;+tnum;+smcp;mappin
g=tex-text;"
. - 'bold italic' (bx/it) with NFSS spec.:
. <->s*[1]"[LinBiolinum_RBO.otf]/OT:script=latn;language=DFLT;+tnum;mapping=tex
-text;"
. - 'bold italic small caps'  (bx/itsc) with NFSS spec.:
. <->s*[1]"[LinBiolinum_RBO.otf]/OT:script=latn;language=DFLT;+tnum;+smcp;mappi
ng=tex-text;"
.................................................
LaTeX Info: Redefining \sffamily on input line 313.
.................................................
. fontspec info: "defining-font"
. 
. Font family 'LinLibertine(1)' created for font 'LinLibertine' with options
. [Ligatures = TeX,Extension =
. .otf,SmallCapsFeatures={Letters=SmallCaps},Numbers =
. {Monospaced,Lining},Scale = 1,UprightFont = *_R,ItalicFont = *_RI,BoldFont =
. *_RB,BoldItalicFont = *_RBI].
.  
.  This font family consists of the following NFSS series/shapes:
.  
. - 'normal' (m/n) with NFSS spec.:
. <->s*[1]"[LinLibertine_R.otf]/OT:script=latn;language=DFLT;+tnum;+lnum;mappin
g=tex-text;"
. - 'small caps'  (m/sc) with NFSS spec.:
. <->s*[1]"[LinLibertine_R.otf]/OT:script=latn;language=DFLT;+tnum;+lnum;+smcp;
mapping=tex-text;"
. - 'bold' (bx/n) with NFSS spec.:
. <->s*[1]"[LinLibertine_RB.otf]/OT:script=latn;language=DFLT;+tnum;+lnum;mappi
ng=tex-text;"
. - 'bold small caps'  (bx/sc) with NFSS spec.:
. <->s*[1]"[LinLibertine_RB.otf]/OT:script=latn;language=DFLT;+tnum;+lnum;+smcp
;mapping=tex-text;"
. - 'italic' (m/it) with NFSS spec.:
. <->s*[1]"[LinLibertine_RI.otf]/OT:script=latn;language=DFLT;+tnum;+lnum;mappi
ng=tex-text;"
. - 'italic small caps'  (m/itsc) with NFSS spec.:
. <->s*[1]"[LinLibertine_RI.otf]/OT:script=latn;language=DFLT;+tnum;+lnum;+smcp
;mapping=tex-text;"
. - 'bold italic' (bx/it) with NFSS spec.:
. <->s*[1]"[LinLibertine_RBI.otf]/OT:script=latn;language=DFLT;+tnum;+lnum;mapp
ing=tex-text;"
. - 'bold italic small caps'  (bx/itsc) with NFSS spec.:
. <->s*[1]"[LinLibertine_RBI.otf]/OT:script=latn;language=DFLT;+tnum;+lnum;+smc
p;mapping=tex-text;"
.................................................
Requested font "[LinLibertine_RZ.otf]/OT" at 10.95pt
 -> /Users/haozhu/Library/TinyTeX/texmf-dist/fonts/opentype/public/libertine/Li
nLibertine_RZ.otf
Requested font "[LinLibertine_RZI.otf]/OT" at 10.95pt
 -> /Users/haozhu/Library/TinyTeX/texmf-dist/fonts/opentype/public/libertine/Li
nLibertine_RZI.otf
.................................................
. fontspec info: "defining-font"
. 
. Font family 'LinLibertine(2)' created for font 'LinLibertine' with options
. [Ligatures = TeX,Extension =
. .otf,SmallCapsFeatures={Letters=SmallCaps},Numbers = { Lining},Scale =
. 1,UprightFont = *_RZ,ItalicFont = *_RZI,BoldFont = *_RB,BoldItalicFont =
. *_RBI].
.  
.  This font family consists of the following NFSS series/shapes:
.  
. - 'normal' (m/n) with NFSS spec.:
. <->s*[1]"[LinLibertine_RZ.otf]/OT:script=latn;language=DFLT;+lnum;mapping=tex
-text;"
. - 'small caps'  (m/sc) with NFSS spec.:
. <->s*[1]"[LinLibertine_RZ.otf]/OT:script=latn;language=DFLT;+lnum;+smcp;mappi
ng=tex-text;"
. - 'bold' (bx/n) with NFSS spec.:
. <->s*[1]"[LinLibertine_RB.otf]/OT:script=latn;language=DFLT;+lnum;mapping=tex
-text;"
. - 'bold small caps'  (bx/sc) with NFSS spec.:
. <->s*[1]"[LinLibertine_RB.otf]/OT:script=latn;language=DFLT;+lnum;+smcp;mappi
ng=tex-text;"
. - 'italic' (m/it) with NFSS spec.:
. <->s*[1]"[LinLibertine_RZI.otf]/OT:script=latn;language=DFLT;+lnum;mapping=te
x-text;"
. - 'italic small caps'  (m/itsc) with NFSS spec.:
. <->s*[1]"[LinLibertine_RZI.otf]/OT:script=latn;language=DFLT;+lnum;+smcp;mapp
ing=tex-text;"
. - 'bold italic' (bx/it) with NFSS spec.:
. <->s*[1]"[LinLibertine_RBI.otf]/OT:script=latn;language=DFLT;+lnum;mapping=te
x-text;"
. - 'bold italic small caps'  (bx/itsc) with NFSS spec.:
. <->s*[1]"[LinLibertine_RBI.otf]/OT:script=latn;language=DFLT;+lnum;+smcp;mapp
ing=tex-text;"
.................................................
.................................................
. fontspec info: "defining-font"
. 
. Font family 'LinLibertine(3)' created for font 'LinLibertine' with options
. [Ligatures = TeX,Extension =
. .otf,SmallCapsFeatures={Letters=SmallCaps},Numbers =
. {Monospaced,OldStyle},Scale = 1,UprightFont = *_R,ItalicFont = *_RI,BoldFont
. = *_RB,BoldItalicFont = *_RBI].
.  
.  This font family consists of the following NFSS series/shapes:
.  
. - 'normal' (m/n) with NFSS spec.:
. <->s*[1]"[LinLibertine_R.otf]/OT:script=latn;language=DFLT;+tnum;+onum;mappin
g=tex-text;"
. - 'small caps'  (m/sc) with NFSS spec.:
. <->s*[1]"[LinLibertine_R.otf]/OT:script=latn;language=DFLT;+tnum;+onum;+smcp;
mapping=tex-text;"
. - 'bold' (bx/n) with NFSS spec.:
. <->s*[1]"[LinLibertine_RB.otf]/OT:script=latn;language=DFLT;+tnum;+onum;mappi
ng=tex-text;"
. - 'bold small caps'  (bx/sc) with NFSS spec.:
. <->s*[1]"[LinLibertine_RB.otf]/OT:script=latn;language=DFLT;+tnum;+onum;+smcp
;mapping=tex-text;"
. - 'italic' (m/it) with NFSS spec.:
. <->s*[1]"[LinLibertine_RI.otf]/OT:script=latn;language=DFLT;+tnum;+onum;mappi
ng=tex-text;"
. - 'italic small caps'  (m/itsc) with NFSS spec.:
. <->s*[1]"[LinLibertine_RI.otf]/OT:script=latn;language=DFLT;+tnum;+onum;+smcp
;mapping=tex-text;"
. - 'bold italic' (bx/it) with NFSS spec.:
. <->s*[1]"[LinLibertine_RBI.otf]/OT:script=latn;language=DFLT;+tnum;+onum;mapp
ing=tex-text;"
. - 'bold italic small caps'  (bx/itsc) with NFSS spec.:
. <->s*[1]"[LinLibertine_RBI.otf]/OT:script=latn;language=DFLT;+tnum;+onum;+smc
p;mapping=tex-text;"
.................................................
Requested font "[LinLibertine_DR.otf]/OT" at 10.95pt
 -> /Users/haozhu/Library/TinyTeX/texmf-dist/fonts/opentype/public/libertine/Li
nLibertine_DR.otf
.................................................
. fontspec info: "defining-font"
. 
. Font family 'LinLibertine(4)' created for font 'LinLibertine' with options
. [Ligatures = TeX,Extension =
. .otf,SmallCapsFeatures={Letters=SmallCaps},Numbers =
. {Monospaced,Lining},UprightFont = *_DR,ItalicFont = *_RI,BoldFont =
. *_RB,BoldItalicFont = *_RBI].
.  
.  This font family consists of the following NFSS series/shapes:
.  
. - 'normal' (m/n) with NFSS spec.:
. <->"[LinLibertine_DR.otf]/OT:script=latn;language=DFLT;+tnum;+lnum;mapping=te
x-text;"
. - 'small caps'  (m/sc) with NFSS spec.: 
. - 'bold' (bx/n) with NFSS spec.:
. <->"[LinLibertine_RB.otf]/OT:script=latn;language=DFLT;+tnum;+lnum;mapping=te
x-text;"
. - 'bold small caps'  (bx/sc) with NFSS spec.:
. <->"[LinLibertine_RB.otf]/OT:script=latn;language=DFLT;+tnum;+lnum;+smcp;mapp
ing=tex-text;"
. - 'italic' (m/it) with NFSS spec.:
. <->"[LinLibertine_RI.otf]/OT:script=latn;language=DFLT;+tnum;+lnum;mapping=te
x-text;"
. - 'italic small caps'  (m/itsc) with NFSS spec.:
. <->"[LinLibertine_RI.otf]/OT:script=latn;language=DFLT;+tnum;+lnum;+smcp;mapp
ing=tex-text;"
. - 'bold italic' (bx/it) with NFSS spec.:
. <->"[LinLibertine_RBI.otf]/OT:script=latn;language=DFLT;+tnum;+lnum;mapping=t
ex-text;"
. - 'bold italic small caps'  (bx/itsc) with NFSS spec.:
. <->"[LinLibertine_RBI.otf]/OT:script=latn;language=DFLT;+tnum;+lnum;+smcp;map
ping=tex-text;"
.................................................
.................................................
. fontspec info: "defining-font"
. 
. Font family 'LinBiolinum(1)' created for font 'LinBiolinum' with options
. [Ligatures = TeX,Extension =
. .otf,SmallCapsFeatures={Letters=SmallCaps},Numbers = {Monospaced, },Scale =
. 1,UprightFont = *_R,ItalicFont = *_RI,BoldFont = *_RB,BoldItalicFont =
. *_RBO].
.  
.  This font family consists of the following NFSS series/shapes:
.  
. - 'normal' (m/n) with NFSS spec.:
. <->s*[1]"[LinBiolinum_R.otf]/OT:script=latn;language=DFLT;+tnum;mapping=tex-t
ext;"
. - 'small caps'  (m/sc) with NFSS spec.:
. <->s*[1]"[LinBiolinum_R.otf]/OT:script=latn;language=DFLT;+tnum;+smcp;mapping
=tex-text;"
. - 'bold' (bx/n) with NFSS spec.:
. <->s*[1]"[LinBiolinum_RB.otf]/OT:script=latn;language=DFLT;+tnum;mapping=tex-
text;"
. - 'bold small caps'  (bx/sc) with NFSS spec.:
. <->s*[1]"[LinBiolinum_RB.otf]/OT:script=latn;language=DFLT;+tnum;+smcp;mappin
g=tex-text;"
. - 'italic' (m/it) with NFSS spec.:
. <->s*[1]"[LinBiolinum_RI.otf]/OT:script=latn;language=DFLT;+tnum;mapping=tex-
text;"
. - 'italic small caps'  (m/itsc) with NFSS spec.:
. <->s*[1]"[LinBiolinum_RI.otf]/OT:script=latn;language=DFLT;+tnum;+smcp;mappin
g=tex-text;"
. - 'bold italic' (bx/it) with NFSS spec.:
. <->s*[1]"[LinBiolinum_RBO.otf]/OT:script=latn;language=DFLT;+tnum;mapping=tex
-text;"
. - 'bold italic small caps'  (bx/itsc) with NFSS spec.:
. <->s*[1]"[LinBiolinum_RBO.otf]/OT:script=latn;language=DFLT;+tnum;+smcp;mappi
ng=tex-text;"
.................................................
.................................................
. fontspec info: "defining-font"
. 
. Font family 'LinBiolinum(2)' created for font 'LinBiolinum' with options
. [Ligatures = TeX,Extension =
. .otf,SmallCapsFeatures={Letters=SmallCaps},Numbers = {Monospaced,
. OldStyle},Scale = 1,UprightFont = *_R,ItalicFont = *_RI,BoldFont =
. *_RB,BoldItalicFont = *_RBO].
.  
.  This font family consists of the following NFSS series/shapes:
.  
. - 'normal' (m/n) with NFSS spec.:
. <->s*[1]"[LinBiolinum_R.otf]/OT:script=latn;language=DFLT;+tnum;+onum;mapping
=tex-text;"
. - 'small caps'  (m/sc) with NFSS spec.:
. <->s*[1]"[LinBiolinum_R.otf]/OT:script=latn;language=DFLT;+tnum;+onum;+smcp;m
apping=tex-text;"
. - 'bold' (bx/n) with NFSS spec.:
. <->s*[1]"[LinBiolinum_RB.otf]/OT:script=latn;language=DFLT;+tnum;+onum;mappin
g=tex-text;"
. - 'bold small caps'  (bx/sc) with NFSS spec.:
. <->s*[1]"[LinBiolinum_RB.otf]/OT:script=latn;language=DFLT;+tnum;+onum;+smcp;
mapping=tex-text;"
. - 'italic' (m/it) with NFSS spec.:
. <->s*[1]"[LinBiolinum_RI.otf]/OT:script=latn;language=DFLT;+tnum;+onum;mappin
g=tex-text;"
. - 'italic small caps'  (m/itsc) with NFSS spec.:
. <->s*[1]"[LinBiolinum_RI.otf]/OT:script=latn;language=DFLT;+tnum;+onum;+smcp;
mapping=tex-text;"
. - 'bold italic' (bx/it) with NFSS spec.:
. <->s*[1]"[LinBiolinum_RBO.otf]/OT:script=latn;language=DFLT;+tnum;+onum;mappi
ng=tex-text;"
. - 'bold italic small caps'  (bx/itsc) with NFSS spec.:
. <->s*[1]"[LinBiolinum_RBO.otf]/OT:script=latn;language=DFLT;+tnum;+onum;+smcp
;mapping=tex-text;"
.................................................
.................................................
. fontspec info: "defining-font"
. 
. Font family 'LinBiolinum(3)' created for font 'LinBiolinum' with options
. [Ligatures = TeX,Extension =
. .otf,SmallCapsFeatures={Letters=SmallCaps},Numbers = {Monospaced},Scale =
. 1,UprightFont = *_R,ItalicFont = *_RI,BoldFont = *_RB,BoldItalicFont =
. *_RBO].
.  
.  This font family consists of the following NFSS series/shapes:
.  
. - 'normal' (m/n) with NFSS spec.:
. <->s*[1]"[LinBiolinum_R.otf]/OT:script=latn;language=DFLT;+tnum;mapping=tex-t
ext;"
. - 'small caps'  (m/sc) with NFSS spec.:
. <->s*[1]"[LinBiolinum_R.otf]/OT:script=latn;language=DFLT;+tnum;+smcp;mapping
=tex-text;"
. - 'bold' (bx/n) with NFSS spec.:
. <->s*[1]"[LinBiolinum_RB.otf]/OT:script=latn;language=DFLT;+tnum;mapping=tex-
text;"
. - 'bold small caps'  (bx/sc) with NFSS spec.:
. <->s*[1]"[LinBiolinum_RB.otf]/OT:script=latn;language=DFLT;+tnum;+smcp;mappin
g=tex-text;"
. - 'italic' (m/it) with NFSS spec.:
. <->s*[1]"[LinBiolinum_RI.otf]/OT:script=latn;language=DFLT;+tnum;mapping=tex-
text;"
. - 'italic small caps'  (m/itsc) with NFSS spec.:
. <->s*[1]"[LinBiolinum_RI.otf]/OT:script=latn;language=DFLT;+tnum;+smcp;mappin
g=tex-text;"
. - 'bold italic' (bx/it) with NFSS spec.:
. <->s*[1]"[LinBiolinum_RBO.otf]/OT:script=latn;language=DFLT;+tnum;mapping=tex
-text;"
. - 'bold italic small caps'  (bx/itsc) with NFSS spec.:
. <->s*[1]"[LinBiolinum_RBO.otf]/OT:script=latn;language=DFLT;+tnum;+smcp;mappi
ng=tex-text;"
.................................................
Requested font "[LinLibertine_M.otf]/OT" at 10.95pt
 -> /Users/haozhu/Library/TinyTeX/texmf-dist/fonts/opentype/public/libertine/Li
nLibertine_M.otf
Requested font "[LinLibertine_MB.otf]/OT" at 10.95pt
 -> /Users/haozhu/Library/TinyTeX/texmf-dist/fonts/opentype/public/libertine/Li
nLibertine_MB.otf
Requested font "[LinLibertine_MO.otf]/OT" at 10.95pt
 -> /Users/haozhu/Library/TinyTeX/texmf-dist/fonts/opentype/public/libertine/Li
nLibertine_MO.otf
Requested font "[LinLibertine_MBO.otf]/OT" at 10.95pt
 -> /Users/haozhu/Library/TinyTeX/texmf-dist/fonts/opentype/public/libertine/Li
nLibertine_MBO.otf
.................................................
. fontspec info: "defining-font"
. 
. Font family 'LinLibertine(5)' created for font 'LinLibertine' with options
. [Extension =
. .otf,WordSpace={1,0,0},HyphenChar=None,PunctuationSpace=WordSpace,Scale =
. 1,UprightFont = *_M,ItalicFont = *_MO,BoldFont = *_MB,BoldItalicFont =
. *_MBO].
.  
.  This font family consists of the following NFSS series/shapes:
.  
. - 'normal' (m/n) with NFSS spec.:
. <->s*[1]"[LinLibertine_M.otf]/OT:script=latn;language=DFLT;"
. - 'small caps'  (m/sc) with NFSS spec.: 
. and font adjustment code:
. \fontdimen 2\font =1\fontdimen 2\font \fontdimen 3\font =0\fontdimen 3\font
. \fontdimen 4\font =0\fontdimen 4\font \fontdimen 7\font =0\fontdimen 2\font
. \tex_hyphenchar:D \font =-1\scan_stop: 
. - 'bold' (bx/n) with NFSS spec.:
. <->s*[1]"[LinLibertine_MB.otf]/OT:script=latn;language=DFLT;"
. - 'bold small caps'  (bx/sc) with NFSS spec.: 
. and font adjustment code:
. \fontdimen 2\font =1\fontdimen 2\font \fontdimen 3\font =0\fontdimen 3\font
. \fontdimen 4\font =0\fontdimen 4\font \fontdimen 7\font =0\fontdimen 2\font
. \tex_hyphenchar:D \font =-1\scan_stop: 
. - 'italic' (m/it) with NFSS spec.:
. <->s*[1]"[LinLibertine_MO.otf]/OT:script=latn;language=DFLT;"
. - 'italic small caps'  (m/itsc) with NFSS spec.: 
. and font adjustment code:
. \fontdimen 2\font =1\fontdimen 2\font \fontdimen 3\font =0\fontdimen 3\font
. \fontdimen 4\font =0\fontdimen 4\font \fontdimen 7\font =0\fontdimen 2\font
. \tex_hyphenchar:D \font =-1\scan_stop: 
. - 'bold italic' (bx/it) with NFSS spec.:
. <->s*[1]"[LinLibertine_MBO.otf]/OT:script=latn;language=DFLT;"
. - 'bold italic small caps'  (bx/itsc) with NFSS spec.: 
. and font adjustment code:
. \fontdimen 2\font =1\fontdimen 2\font \fontdimen 3\font =0\fontdimen 3\font
. \fontdimen 4\font =0\fontdimen 4\font \fontdimen 7\font =0\fontdimen 2\font
. \tex_hyphenchar:D \font =-1\scan_stop: 
.................................................
LaTeX Info: Redefining \ttfamily on input line 422.
.................................................
. fontspec info: "defining-font"
. 
. Font family 'LinLibertine(6)' created for font 'LinLibertine' with options
. [Extension = .otf,Scale = 1,UprightFont = *_M,ItalicFont = *_MO,BoldFont =
. *_MB,BoldItalicFont = *_MBO].
.  
.  This font family consists of the following NFSS series/shapes:
.  
. - 'normal' (m/n) with NFSS spec.:
. <->s*[1]"[LinLibertine_M.otf]/OT:script=latn;language=DFLT;"
. - 'small caps'  (m/sc) with NFSS spec.: 
. - 'bold' (bx/n) with NFSS spec.:
. <->s*[1]"[LinLibertine_MB.otf]/OT:script=latn;language=DFLT;"
. - 'bold small caps'  (bx/sc) with NFSS spec.: 
. - 'italic' (m/it) with NFSS spec.:
. <->s*[1]"[LinLibertine_MO.otf]/OT:script=latn;language=DFLT;"
. - 'italic small caps'  (m/itsc) with NFSS spec.: 
. - 'bold italic' (bx/it) with NFSS spec.:
. <->s*[1]"[LinLibertine_MBO.otf]/OT:script=latn;language=DFLT;"
. - 'bold italic small caps'  (bx/itsc) with NFSS spec.: 
.................................................
Requested font "[LinBiolinum_K.otf]/OT" at 10.95pt
 -> /Users/haozhu/Library/TinyTeX/texmf-dist/fonts/opentype/public/libertine/Li
nBiolinum_K.otf
\g__fontspec_family_LinBiolinum_K_int=\count302
.................................................
. fontspec info: "defining-font"
. 
. Font family 'LinBiolinum_K(0)' created for font 'LinBiolinum_K' with options
. [Extension = .otf,BoldFont={},ItalicFont={},SmallCapsFont={}].
.  
.  This font family consists of the following NFSS series/shapes:
.  
. - 'normal' (m/n) with NFSS spec.:
. <->"[LinBiolinum_K.otf]/OT:script=latn;language=DFLT;"
. - 'small caps'  (m/sc) with NFSS spec.: 
.................................................
Requested font "[LinLibertine_I.otf]/OT" at 10.95pt
 -> /Users/haozhu/Library/TinyTeX/texmf-dist/fonts/opentype/public/libertine/Li
nLibertine_I.otf
\g__fontspec_family_LinLibertine_I_int=\count303
.................................................
. fontspec info: "defining-font"
. 
. Font family 'LinLibertine_I(0)' created for font 'LinLibertine_I' with
. options [Extension = .otf,BoldFont={},ItalicFont={},SmallCapsFont={}].
.  
.  This font family consists of the following NFSS series/shapes:
.  
. - 'normal' (m/n) with NFSS spec.:
. <->"[LinLibertine_I.otf]/OT:script=latn;language=DFLT;"
. - 'small caps'  (m/sc) with NFSS spec.: 
.................................................
LaTeX Info: Redefining \oldstylenums on input line 470.
LaTeX Info: Redefining \liningnums on input line 471.
.................................................
. fontspec info: "defining-font"
. 
. Font family 'LinLibertine(7)' created for font 'LinLibertine' with options
. [Extension = .otf,Numbers = {Monospaced,Lining},UprightFont = *_R,ItalicFont
. = *_RI,BoldFont = *_RB,BoldItalicFont = *_RBI].
.  
.  This font family consists of the following NFSS series/shapes:
.  
. - 'normal' (m/n) with NFSS spec.:
. <->"[LinLibertine_R.otf]/OT:script=latn;language=DFLT;+tnum;+lnum;"
. - 'small caps'  (m/sc) with NFSS spec.:
. <->"[LinLibertine_R.otf]/OT:script=latn;language=DFLT;+tnum;+lnum;+smcp;"
. - 'bold' (bx/n) with NFSS spec.:
. <->"[LinLibertine_RB.otf]/OT:script=latn;language=DFLT;+tnum;+lnum;"
. - 'bold small caps'  (bx/sc) with NFSS spec.:
. <->"[LinLibertine_RB.otf]/OT:script=latn;language=DFLT;+tnum;+lnum;+smcp;"
. - 'italic' (m/it) with NFSS spec.:
. <->"[LinLibertine_RI.otf]/OT:script=latn;language=DFLT;+tnum;+lnum;"
. - 'italic small caps'  (m/itsc) with NFSS spec.:
. <->"[LinLibertine_RI.otf]/OT:script=latn;language=DFLT;+tnum;+lnum;+smcp;"
. - 'bold italic' (bx/it) with NFSS spec.:
. <->"[LinLibertine_RBI.otf]/OT:script=latn;language=DFLT;+tnum;+lnum;"
. - 'bold italic small caps'  (bx/itsc) with NFSS spec.:
. <->"[LinLibertine_RBI.otf]/OT:script=latn;language=DFLT;+tnum;+lnum;+smcp;"
.................................................
.................................................
. fontspec info: "defining-font"
. 
. Font family 'LinLibertine(8)' created for font 'LinLibertine' with options
. [Extension = .otf,Numbers = {Proportional,Lining},UprightFont =
. *_R,ItalicFont = *_RI,BoldFont = *_RB,BoldItalicFont = *_RBI].
.  
.  This font family consists of the following NFSS series/shapes:
.  
. - 'normal' (m/n) with NFSS spec.:
. <->"[LinLibertine_R.otf]/OT:script=latn;language=DFLT;+pnum;+lnum;"
. - 'small caps'  (m/sc) with NFSS spec.:
. <->"[LinLibertine_R.otf]/OT:script=latn;language=DFLT;+pnum;+lnum;+smcp;"
. - 'bold' (bx/n) with NFSS spec.:
. <->"[LinLibertine_RB.otf]/OT:script=latn;language=DFLT;+pnum;+lnum;"
. - 'bold small caps'  (bx/sc) with NFSS spec.:
. <->"[LinLibertine_RB.otf]/OT:script=latn;language=DFLT;+pnum;+lnum;+smcp;"
. - 'italic' (m/it) with NFSS spec.:
. <->"[LinLibertine_RI.otf]/OT:script=latn;language=DFLT;+pnum;+lnum;"
. - 'italic small caps'  (m/itsc) with NFSS spec.:
. <->"[LinLibertine_RI.otf]/OT:script=latn;language=DFLT;+pnum;+lnum;+smcp;"
. - 'bold italic' (bx/it) with NFSS spec.:
. <->"[LinLibertine_RBI.otf]/OT:script=latn;language=DFLT;+pnum;+lnum;"
. - 'bold italic small caps'  (bx/itsc) with NFSS spec.:
. <->"[LinLibertine_RBI.otf]/OT:script=latn;language=DFLT;+pnum;+lnum;+smcp;"
.................................................
.................................................
. fontspec info: "defining-font"
. 
. Font family 'LinBiolinum(4)' created for font 'LinBiolinum' with options
. [Extension = .otf,Numbers = {Monospaced,},Scale = 1,UprightFont =
. *_R,ItalicFont = *_RI,BoldFont = *_RB,BoldItalicFont = *_RBO].
.  
.  This font family consists of the following NFSS series/shapes:
.  
. - 'normal' (m/n) with NFSS spec.:
. <->s*[1]"[LinBiolinum_R.otf]/OT:script=latn;language=DFLT;+tnum;"
. - 'small caps'  (m/sc) with NFSS spec.:
. <->s*[1]"[LinBiolinum_R.otf]/OT:script=latn;language=DFLT;+tnum;+smcp;"
. - 'bold' (bx/n) with NFSS spec.:
. <->s*[1]"[LinBiolinum_RB.otf]/OT:script=latn;language=DFLT;+tnum;"
. - 'bold small caps'  (bx/sc) with NFSS spec.:
. <->s*[1]"[LinBiolinum_RB.otf]/OT:script=latn;language=DFLT;+tnum;+smcp;"
. - 'italic' (m/it) with NFSS spec.:
. <->s*[1]"[LinBiolinum_RI.otf]/OT:script=latn;language=DFLT;+tnum;"
. - 'italic small caps'  (m/itsc) with NFSS spec.:
. <->s*[1]"[LinBiolinum_RI.otf]/OT:script=latn;language=DFLT;+tnum;+smcp;"
. - 'bold italic' (bx/it) with NFSS spec.:
. <->s*[1]"[LinBiolinum_RBO.otf]/OT:script=latn;language=DFLT;+tnum;"
. - 'bold italic small caps'  (bx/itsc) with NFSS spec.:
. <->s*[1]"[LinBiolinum_RBO.otf]/OT:script=latn;language=DFLT;+tnum;+smcp;"
.................................................
.................................................
. fontspec info: "defining-font"
. 
. Font family 'LinBiolinum(5)' created for font 'LinBiolinum' with options
. [Extension = .otf,Numbers = {Proportional,},Scale = 1,UprightFont =
. *_R,ItalicFont = *_RI,BoldFont = *_RB,BoldItalicFont = *_RBO].
.  
.  This font family consists of the following NFSS series/shapes:
.  
. - 'normal' (m/n) with NFSS spec.:
. <->s*[1]"[LinBiolinum_R.otf]/OT:script=latn;language=DFLT;+pnum;"
. - 'small caps'  (m/sc) with NFSS spec.:
. <->s*[1]"[LinBiolinum_R.otf]/OT:script=latn;language=DFLT;+pnum;+smcp;"
. - 'bold' (bx/n) with NFSS spec.:
. <->s*[1]"[LinBiolinum_RB.otf]/OT:script=latn;language=DFLT;+pnum;"
. - 'bold small caps'  (bx/sc) with NFSS spec.:
. <->s*[1]"[LinBiolinum_RB.otf]/OT:script=latn;language=DFLT;+pnum;+smcp;"
. - 'italic' (m/it) with NFSS spec.:
. <->s*[1]"[LinBiolinum_RI.otf]/OT:script=latn;language=DFLT;+pnum;"
. - 'italic small caps'  (m/itsc) with NFSS spec.:
. <->s*[1]"[LinBiolinum_RI.otf]/OT:script=latn;language=DFLT;+pnum;+smcp;"
. - 'bold italic' (bx/it) with NFSS spec.:
. <->s*[1]"[LinBiolinum_RBO.otf]/OT:script=latn;language=DFLT;+pnum;"
. - 'bold italic small caps'  (bx/itsc) with NFSS spec.:
. <->s*[1]"[LinBiolinum_RBO.otf]/OT:script=latn;language=DFLT;+pnum;+smcp;"
.................................................

(/Users/haozhu/Library/TinyTeX/texmf-dist/tex/latex/libertine/LinLibertine_R.te
x)
(/Users/haozhu/Library/TinyTeX/texmf-dist/tex/latex/libertine/LinBiolinum_R.tex
)
(/Users/haozhu/Library/TinyTeX/texmf-dist/tex/latex/libertine/LinBiolinum_K.tex
)
(/Users/haozhu/Library/TinyTeX/texmf-dist/tex/latex/libertine/LinLibertine_I.te
x) (/Users/haozhu/Library/TinyTeX/texmf-dist/tex/latex/libertine/LKey.tex))
(/Users/haozhu/Library/TinyTeX/texmf-dist/tex/latex/unicode-math/unicode-math.s
ty
Package: unicode-math 2018/02/02 vv0.8l Unicode maths in XeLaTeX and LuaLaTeX

(/Users/haozhu/Library/TinyTeX/texmf-dist/tex/latex/unicode-math/unicode-math-x
etex.sty
Package: unicode-math-xetex 2018/02/02 vv0.8l Unicode maths in XeLaTeX and LuaL
aTeX

(/Users/haozhu/Library/TinyTeX/texmf-dist/tex/latex/l3packages/l3keys2e/l3keys2
e.sty
Package: l3keys2e 2018/02/21 LaTeX2e option processing using LaTeX3 keys
) (/Users/haozhu/Library/TinyTeX/texmf-dist/tex/latex/filehook/filehook.sty
Package: filehook 2011/10/12 v0.5d Hooks for input files
) (/Users/haozhu/Library/TinyTeX/texmf-dist/tex/latex/base/fix-cm.sty
Package: fix-cm 2015/01/14 v1.1t fixes to LaTeX
(/Users/haozhu/Library/TinyTeX/texmf-dist/tex/latex/base/ts1enc.def
File: ts1enc.def 2001/06/05 v3.0e (jk/car/fm) Standard LaTeX file
LaTeX Font Info:    Redeclaring font encoding TS1 on input line 47.
))
\g__um_fam_int=\count304
\g__um_fonts_used_int=\count305
\l__um_primecount_int=\count306
\g__um_primekern_muskip=\muskip18
.................................................
. LaTeX info: "xparse/define-command"
. 
. Defining command \unimathsetup with sig. 'm' on line 269.
.................................................

!!!!!!!!!!!!!!!!!!!!!!!!!!!!!!!!!!!!!!!!!!!!!!!!
!
! LaTeX error: "xparse/command-already-defined"
! 
! Command '\setmathfont' already defined!
! 
! See the LaTeX3 documentation for further information.
! 
! For immediate help type H <return>.
!...............................................  
                                                  
l.273   }
          
Here is how much of TeX's memory you used:
 35395 strings out of 494988
 682401 string characters out of 6177855
 656260 words of memory out of 5000000
 38958 multiletter control sequences out of 15000+600000
 530930 words of font info for 46 fonts, out of 8000000 for 9000
 14 hyphenation exceptions out of 8191
 49i,0n,86p,10475b,282s stack positions out of 5000i,500n,10000p,200000b,80000s

No pages of output.
